[debug] [2025-02-25T13:22:07.261Z] ----------------------------------------------------------------------
[debug] [2025-02-25T13:22:07.267Z] Command:       C:\Program Files\nodejs\node.exe C:\Users\Malvern\AppData\Roaming\npm\node_modules\firebase-tools\lib\bin\firebase.js emulators:start
[debug] [2025-02-25T13:22:07.268Z] CLI Version:   13.31.1
[debug] [2025-02-25T13:22:07.268Z] Platform:      win32
[debug] [2025-02-25T13:22:07.268Z] Node Version:  v20.9.0
[debug] [2025-02-25T13:22:07.268Z] Time:          Tue Feb 25 2025 15:22:07 GMT+0200 (Central Africa Time)
[debug] [2025-02-25T13:22:07.269Z] ----------------------------------------------------------------------
[debug] 
[debug] [2025-02-25T13:22:07.276Z] >>> [apiv2][query] GET https://firebase-public.firebaseio.com/cli.json [none]
[debug] [2025-02-25T13:22:07.754Z] > command requires scopes: ["email","openid","https://www.googleapis.com/auth/cloudplatformprojects.readonly","https://www.googleapis.com/auth/firebase","https://www.googleapis.com/auth/cloud-platform"]
[debug] [2025-02-25T13:22:07.755Z] > authorizing via signed-in user (malvernhit@gmail.com)
[debug] [2025-02-25T13:22:08.070Z] java version "17.0.9" 2023-10-17 LTS

[debug] [2025-02-25T13:22:08.070Z] Java(TM) SE Runtime Environment (build 17.0.9+11-LTS-201)
Java HotSpot(TM) 64-Bit Server VM (build 17.0.9+11-LTS-201, mixed mode, sharing)

[debug] [2025-02-25T13:22:08.101Z] Parsed Java major version: 17
[info] i  emulators: Starting emulators: functions, firestore, extensions {"metadata":{"emulator":{"name":"hub"},"message":"Starting emulators: functions, firestore, extensions"}}
[debug] [2025-02-25T13:22:08.105Z] Checked if tokens are valid: false, expires at: 1740085687611
[debug] [2025-02-25T13:22:08.106Z] Checked if tokens are valid: false, expires at: 1740085687611
[debug] [2025-02-25T13:22:08.106Z] > refreshing access token with scopes: []
[debug] [2025-02-25T13:22:08.108Z] >>> [apiv2][query] POST https://www.googleapis.com/oauth2/v3/token [none]
[debug] [2025-02-25T13:22:08.108Z] >>> [apiv2][body] POST https://www.googleapis.com/oauth2/v3/token [omitted]
[debug] [2025-02-25T13:22:08.673Z] <<< [apiv2][status] GET https://firebase-public.firebaseio.com/cli.json 200
[debug] [2025-02-25T13:22:08.673Z] <<< [apiv2][body] GET https://firebase-public.firebaseio.com/cli.json {"cloudBuildErrorAfter":1594252800000,"cloudBuildWarnAfter":1590019200000,"defaultNode10After":1594252800000,"minVersion":"3.0.5","node8DeploysDisabledAfter":1613390400000,"node8RuntimeDisabledAfter":1615809600000,"node8WarnAfter":1600128000000}
[debug] [2025-02-25T13:22:08.870Z] <<< [apiv2][status] POST https://www.googleapis.com/oauth2/v3/token 200
[debug] [2025-02-25T13:22:08.870Z] <<< [apiv2][body] POST https://www.googleapis.com/oauth2/v3/token [omitted]
[debug] [2025-02-25T13:22:08.882Z] >>> [apiv2][query] GET https://cloudresourcemanager.googleapis.com/v1/projects/hit400-99fd8 [none]
[debug] [2025-02-25T13:22:11.236Z] <<< [apiv2][status] GET https://cloudresourcemanager.googleapis.com/v1/projects/hit400-99fd8 200
[debug] [2025-02-25T13:22:11.236Z] <<< [apiv2][body] GET https://cloudresourcemanager.googleapis.com/v1/projects/hit400-99fd8 {"projectNumber":"62075672949","projectId":"hit400-99fd8","lifecycleState":"ACTIVE","name":"Hit400","labels":{"firebase":"enabled","firebase-core":"disabled"},"createTime":"2025-02-10T12:31:32.864052Z"}
[debug] [2025-02-25T13:22:11.255Z] [logging] Logging Emulator only supports listening on one address (127.0.0.1). Not listening on ::1
[debug] [2025-02-25T13:22:11.255Z] [firestore] Firestore Emulator only supports listening on one address (127.0.0.1). Not listening on ::1
[debug] [2025-02-25T13:22:11.255Z] [firestore.websocket] websocket server for firestore only supports listening on one address (127.0.0.1). Not listening on ::1
[debug] [2025-02-25T13:22:11.256Z] assigned listening specs for emulators {"user":{"hub":[{"address":"127.0.0.1","family":"IPv4","port":4400},{"address":"::1","family":"IPv6","port":4400}],"ui":[{"address":"127.0.0.1","family":"IPv4","port":4000},{"address":"::1","family":"IPv6","port":4000}],"logging":[{"address":"127.0.0.1","family":"IPv4","port":4500}],"firestore":[{"address":"127.0.0.1","family":"IPv4","port":8080}],"firestore.websocket":[{"address":"127.0.0.1","family":"IPv4","port":9150}]},"metadata":{"message":"assigned listening specs for emulators"}}
[warn] !  emulators: It seems that you are running multiple instances of the emulator suite for project hit400-99fd8. This may result in unexpected behavior. 
[debug] [2025-02-25T13:22:11.263Z] [hub] writing locator at C:\Users\Malvern\AppData\Local\Temp\hub-hit400-99fd8.json
[debug] [2025-02-25T13:22:11.275Z] [Extensions] Started Extensions emulator, this is a noop.
[debug] [2025-02-25T13:22:11.283Z] [functions] Functions Emulator only supports listening on one address (127.0.0.1). Not listening on ::1
[debug] [2025-02-25T13:22:11.283Z] [eventarc] Eventarc Emulator only supports listening on one address (127.0.0.1). Not listening on ::1
[debug] [2025-02-25T13:22:11.284Z] [tasks] Cloud Tasks Emulator only supports listening on one address (127.0.0.1). Not listening on ::1
[debug] [2025-02-25T13:22:11.284Z] late-assigned ports for functions and eventarc emulators {"user":{"hub":[{"address":"127.0.0.1","family":"IPv4","port":4400},{"address":"::1","family":"IPv6","port":4400}],"ui":[{"address":"127.0.0.1","family":"IPv4","port":4000},{"address":"::1","family":"IPv6","port":4000}],"logging":[{"address":"127.0.0.1","family":"IPv4","port":4500}],"firestore":[{"address":"127.0.0.1","family":"IPv4","port":8080}],"firestore.websocket":[{"address":"127.0.0.1","family":"IPv4","port":9150}],"functions":[{"address":"127.0.0.1","family":"IPv4","port":5001}],"eventarc":[{"address":"127.0.0.1","family":"IPv4","port":9299}],"tasks":[{"address":"127.0.0.1","family":"IPv4","port":9499}]},"metadata":{"message":"late-assigned ports for functions and eventarc emulators"}}
[warn] !  functions: The following emulators are not running, calls to these services from the Functions emulator will affect production: apphosting, auth, database, hosting, pubsub, storage, dataconnect {"metadata":{"emulator":{"name":"functions"},"message":"The following emulators are not running, calls to these services from the Functions emulator will affect production: \u001b[1mapphosting, auth, database, hosting, pubsub, storage, dataconnect\u001b[22m"}}
[debug] [2025-02-25T13:22:11.289Z] defaultcredentials: writing to file C:\Users\Malvern\AppData\Roaming\firebase\malvernhit_gmail_com_application_default_credentials.json
[debug] [2025-02-25T13:22:11.292Z] Setting GAC to C:\Users\Malvern\AppData\Roaming\firebase\malvernhit_gmail_com_application_default_credentials.json {"metadata":{"emulator":{"name":"functions"},"message":"Setting GAC to C:\\Users\\Malvern\\AppData\\Roaming\\firebase\\malvernhit_gmail_com_application_default_credentials.json"}}
[debug] [2025-02-25T13:22:11.293Z] Checked if tokens are valid: true, expires at: 1740493327870
[debug] [2025-02-25T13:22:11.293Z] Checked if tokens are valid: true, expires at: 1740493327870
[debug] [2025-02-25T13:22:11.294Z] >>> [apiv2][query] GET https://firebase.googleapis.com/v1beta1/projects/hit400-99fd8/adminSdkConfig [none]
[debug] [2025-02-25T13:22:12.555Z] <<< [apiv2][status] GET https://firebase.googleapis.com/v1beta1/projects/hit400-99fd8/adminSdkConfig 200
[debug] [2025-02-25T13:22:12.555Z] <<< [apiv2][body] GET https://firebase.googleapis.com/v1beta1/projects/hit400-99fd8/adminSdkConfig {"projectId":"hit400-99fd8","storageBucket":"hit400-99fd8.firebasestorage.app"}
[debug] [2025-02-25T13:22:12.585Z] Ignoring unsupported arg: auto_download {"metadata":{"emulator":{"name":"firestore"},"message":"Ignoring unsupported arg: auto_download"}}
[debug] [2025-02-25T13:22:12.585Z] Ignoring unsupported arg: single_project_mode_error {"metadata":{"emulator":{"name":"firestore"},"message":"Ignoring unsupported arg: single_project_mode_error"}}
[debug] [2025-02-25T13:22:12.585Z] Starting Firestore Emulator with command {"binary":"java","args":["-Dgoogle.cloud_firestore.debug_log_level=FINE","-Duser.language=en","-jar","C:\\Users\\Malvern\\.cache\\firebase\\emulators\\cloud-firestore-emulator-v1.19.8.jar","--host","127.0.0.1","--port",8080,"--websocket_port",9150,"--project_id","hit400-99fd8","--rules","C:\\Users\\Malvern\\Desktop\\Malvern\\4.1 Software Engineering\\HIT 400 [2024-2025]\\ai_inventory_management_system\\firestore.rules","--single_project_mode",true,"--functions_emulator","127.0.0.1:5001"],"optionalArgs":["port","webchannel_port","host","rules","websocket_port","functions_emulator","seed_from_export","project_id","single_project_mode"],"joinArgs":false,"shell":false,"port":8080} {"metadata":{"emulator":{"name":"firestore"},"message":"Starting Firestore Emulator with command {\"binary\":\"java\",\"args\":[\"-Dgoogle.cloud_firestore.debug_log_level=FINE\",\"-Duser.language=en\",\"-jar\",\"C:\\\\Users\\\\Malvern\\\\.cache\\\\firebase\\\\emulators\\\\cloud-firestore-emulator-v1.19.8.jar\",\"--host\",\"127.0.0.1\",\"--port\",8080,\"--websocket_port\",9150,\"--project_id\",\"hit400-99fd8\",\"--rules\",\"C:\\\\Users\\\\Malvern\\\\Desktop\\\\Malvern\\\\4.1 Software Engineering\\\\HIT 400 [2024-2025]\\\\ai_inventory_management_system\\\\firestore.rules\",\"--single_project_mode\",true,\"--functions_emulator\",\"127.0.0.1:5001\"],\"optionalArgs\":[\"port\",\"webchannel_port\",\"host\",\"rules\",\"websocket_port\",\"functions_emulator\",\"seed_from_export\",\"project_id\",\"single_project_mode\"],\"joinArgs\":false,\"shell\":false,\"port\":8080}"}}
[info] i  firestore: Firestore Emulator logging to firestore-debug.log {"metadata":{"emulator":{"name":"firestore"},"message":"Firestore Emulator logging to \u001b[1mfirestore-debug.log\u001b[22m"}}
[info] +  firestore: Firestore Emulator UI websocket is running on 9150. {"metadata":{"emulator":{"name":"firestore"},"message":"Firestore Emulator UI websocket is running on 9150."}}
[debug] [2025-02-25T13:22:20.198Z] [Extensions] Connecting Extensions emulator, this is a noop.
[info] i  functions: Watching "C:\Users\Malvern\Desktop\Malvern\4.1 Software Engineering\HIT 400 [2024-2025]\ai_inventory_management_system\functions" for Cloud Functions... {"metadata":{"emulator":{"name":"functions"},"message":"Watching \"C:\\Users\\Malvern\\Desktop\\Malvern\\4.1 Software Engineering\\HIT 400 [2024-2025]\\ai_inventory_management_system\\functions\" for Cloud Functions..."}}
[debug] [2025-02-25T13:22:20.334Z] Validating nodejs source
[warn] !  functions: Couldn't find firebase-functions package in your source code. Have you run 'npm install'? 
[debug] [2025-02-25T13:22:20.345Z] getFunctionsSDKVersion encountered error: Cannot find module 'firebase-functions'
Require stack:
- C:\Users\Malvern\AppData\Roaming\npm\node_modules\firebase-tools\lib\deploy\functions\runtimes\node\versioning.js
- C:\Users\Malvern\AppData\Roaming\npm\node_modules\firebase-tools\lib\deploy\functions\runtimes\node\index.js
- C:\Users\Malvern\AppData\Roaming\npm\node_modules\firebase-tools\lib\deploy\functions\runtimes\index.js
- C:\Users\Malvern\AppData\Roaming\npm\node_modules\firebase-tools\lib\deploy\functions\prepare.js
- C:\Users\Malvern\AppData\Roaming\npm\node_modules\firebase-tools\lib\emulator\functionsEmulatorShared.js
- C:\Users\Malvern\AppData\Roaming\npm\node_modules\firebase-tools\lib\emulator\functionsEmulator.js
- C:\Users\Malvern\AppData\Roaming\npm\node_modules\firebase-tools\lib\emulator\controller.js
- C:\Users\Malvern\AppData\Roaming\npm\node_modules\firebase-tools\lib\emulator\commandUtils.js
- C:\Users\Malvern\AppData\Roaming\npm\node_modules\firebase-tools\lib\commands\database-get.js
- C:\Users\Malvern\AppData\Roaming\npm\node_modules\firebase-tools\lib\commands\index.js
- C:\Users\Malvern\AppData\Roaming\npm\node_modules\firebase-tools\lib\index.js
- C:\Users\Malvern\AppData\Roaming\npm\node_modules\firebase-tools\lib\bin\firebase.js {"code":"MODULE_NOT_FOUND","requireStack":["C:\\Users\\Malvern\\AppData\\Roaming\\npm\\node_modules\\firebase-tools\\lib\\deploy\\functions\\runtimes\\node\\versioning.js","C:\\Users\\Malvern\\AppData\\Roaming\\npm\\node_modules\\firebase-tools\\lib\\deploy\\functions\\runtimes\\node\\index.js","C:\\Users\\Malvern\\AppData\\Roaming\\npm\\node_modules\\firebase-tools\\lib\\deploy\\functions\\runtimes\\index.js","C:\\Users\\Malvern\\AppData\\Roaming\\npm\\node_modules\\firebase-tools\\lib\\deploy\\functions\\prepare.js","C:\\Users\\Malvern\\AppData\\Roaming\\npm\\node_modules\\firebase-tools\\lib\\emulator\\functionsEmulatorShared.js","C:\\Users\\Malvern\\AppData\\Roaming\\npm\\node_modules\\firebase-tools\\lib\\emulator\\functionsEmulator.js","C:\\Users\\Malvern\\AppData\\Roaming\\npm\\node_modules\\firebase-tools\\lib\\emulator\\controller.js","C:\\Users\\Malvern\\AppData\\Roaming\\npm\\node_modules\\firebase-tools\\lib\\emulator\\commandUtils.js","C:\\Users\\Malvern\\AppData\\Roaming\\npm\\node_modules\\firebase-tools\\lib\\commands\\database-get.js","C:\\Users\\Malvern\\AppData\\Roaming\\npm\\node_modules\\firebase-tools\\lib\\commands\\index.js","C:\\Users\\Malvern\\AppData\\Roaming\\npm\\node_modules\\firebase-tools\\lib\\index.js","C:\\Users\\Malvern\\AppData\\Roaming\\npm\\node_modules\\firebase-tools\\lib\\bin\\firebase.js"]}
[debug] [2025-02-25T13:22:20.347Z] checkFunctionsSDKVersion encountered error: Invalid Version:  {}
[debug] [2025-02-25T13:22:20.349Z] > [functions] package.json contents: {
  "name": "functions",
  "description": "Cloud Functions for Firebase",
  "scripts": {
    "lint": "eslint .",
    "serve": "firebase emulators:start --only functions",
    "shell": "firebase functions:shell",
    "start": "npm run shell",
    "deploy": "firebase deploy --only functions",
    "logs": "firebase functions:log"
  },
  "engines": {
    "node": "22"
  },
  "main": "index.js",
  "dependencies": {
    "firebase-admin": "^12.6.0",
    "firebase-functions": "^6.0.1"
  },
  "devDependencies": {
    "eslint": "^8.15.0",
    "eslint-config-google": "^0.14.0",
    "firebase-functions-test": "^3.1.0"
  },
  "private": true
}
[debug] [2025-02-25T13:22:20.350Z] Building nodejs source
[debug] [2025-02-25T13:22:20.351Z] Failed to find version of module node: reached end of search path C:\Users\Malvern\Desktop\Malvern\4.1 Software Engineering\HIT 400 [2024-2025]\ai_inventory_management_system\functions\node_modules
[warn] !  functions: Your requested "node" version "22" doesn't match your global version "20". Using node@20 from host. 
[debug] [2025-02-25T13:22:20.356Z] Could not parse firebase-functions version '' into semver. Falling back to parseTriggers.
[error] !!  functions: Failed to load function definition from source: FirebaseError: Error parsing triggers: Cannot find module 'firebase-functions/v2/https'
Require stack:
- C:\Users\Malvern\Desktop\Malvern\4.1 Software Engineering\HIT 400 [2024-2025]\ai_inventory_management_system\functions\index.js
- C:\Users\Malvern\AppData\Roaming\npm\node_modules\firebase-tools\lib\deploy\functions\runtimes\node\triggerParser.js

Try running "npm install" in your functions directory before deploying. {"metadata":{"emulator":{"name":"functions"},"message":"Failed to load function definition from source: FirebaseError: Error parsing triggers: Cannot find module 'firebase-functions/v2/https'\nRequire stack:\n- C:\\Users\\Malvern\\Desktop\\Malvern\\4.1 Software Engineering\\HIT 400 [2024-2025]\\ai_inventory_management_system\\functions\\index.js\n- C:\\Users\\Malvern\\AppData\\Roaming\\npm\\node_modules\\firebase-tools\\lib\\deploy\\functions\\runtimes\\node\\triggerParser.js\n\nTry running \"npm install\" in your functions directory before deploying."}}
[info] i  functions: Watching "C:\Users\Malvern\Desktop\Malvern\4.1 Software Engineering\HIT 400 [2024-2025]\ai_inventory_management_system\hit400" for Cloud Functions... {"metadata":{"emulator":{"name":"functions"},"message":"Watching \"C:\\Users\\Malvern\\Desktop\\Malvern\\4.1 Software Engineering\\HIT 400 [2024-2025]\\ai_inventory_management_system\\hit400\" for Cloud Functions..."}}
[debug] [2025-02-25T13:22:20.917Z] Validating nodejs source
[warn] !  functions: package.json indicates an outdated version of firebase-functions. Please upgrade using npm install --save firebase-functions@latest in your functions directory. 
[debug] [2025-02-25T13:22:24.011Z] > [functions] package.json contents: {
  "name": "functions",
  "description": "Cloud Functions for Firebase",
  "scripts": {
    "lint": "eslint .",
    "serve": "firebase emulators:start --only functions",
    "shell": "firebase functions:shell",
    "start": "npm run shell",
    "deploy": "firebase deploy --only functions",
    "logs": "firebase functions:log"
  },
  "engines": {
    "node": "22"
  },
  "main": "index.js",
  "dependencies": {
    "firebase-admin": "^12.6.0",
    "firebase-functions": "^6.0.1"
  },
  "devDependencies": {
    "eslint": "^8.15.0",
    "eslint-config-google": "^0.14.0",
    "firebase-functions-test": "^3.1.0"
  },
  "private": true
}
[debug] [2025-02-25T13:22:24.012Z] Building nodejs source
[debug] [2025-02-25T13:22:24.012Z] Failed to find version of module node: reached end of search path C:\Users\Malvern\Desktop\Malvern\4.1 Software Engineering\HIT 400 [2024-2025]\ai_inventory_management_system\hit400\node_modules
[warn] !  functions: Your requested "node" version "22" doesn't match your global version "20". Using node@20 from host. 
[debug] [2025-02-25T13:22:24.151Z] Could not find functions.yaml. Must use http discovery
[debug] [2025-02-25T13:22:24.163Z] Found firebase-functions binary at 'C:\Users\Malvern\Desktop\Malvern\4.1 Software Engineering\HIT 400 [2024-2025]\ai_inventory_management_system\hit400\node_modules\.bin\firebase-functions'
[info] Serving at port 8000

[error] !!  functions: Failed to load function definition from source: FirebaseError: User code failed to load. Cannot determine backend specification {"metadata":{"emulator":{"name":"functions"},"message":"Failed to load function definition from source: FirebaseError: User code failed to load. Cannot determine backend specification"}}
[debug] [2025-02-25T13:23:03.771Z] Could not find VSCode notification endpoint: AbortError: The user aborted a request.. If you are not running the Firebase Data Connect VSCode extension, this is expected and not an issue.
[info] 
┌─────────────────────────────────────────────────────────────┐
│ ✔  All emulators ready! It is now safe to connect your app. │
│ i  View Emulator UI at http://127.0.0.1:4000/               │
└─────────────────────────────────────────────────────────────┘

┌────────────┬────────────────┬──────────────────────────────────┐
│ Emulator   │ Host:Port      │ View in Emulator UI              │
├────────────┼────────────────┼──────────────────────────────────┤
│ Functions  │ 127.0.0.1:5001 │ http://127.0.0.1:4000/functions  │
├────────────┼────────────────┼──────────────────────────────────┤
│ Firestore  │ 127.0.0.1:8080 │ http://127.0.0.1:4000/firestore  │
├────────────┼────────────────┼──────────────────────────────────┤
│ Extensions │ 127.0.0.1:5001 │ http://127.0.0.1:4000/extensions │
└────────────┴────────────────┴──────────────────────────────────┘
  Emulator Hub running at 127.0.0.1:4400
  Other reserved ports: 4500, 9150
┌─────────────────────────┬───────────────┬─────────────────────┐
│ Extension Instance Name │ Extension Ref │ View in Emulator UI │
└─────────────────────────┴───────────────┴─────────────────────┘
Issues? Report them at https://github.com/firebase/firebase-tools/issues and attach the *-debug.log files.
 
[debug] [2025-02-25T13:23:03.807Z] Error [ERR_INTERNAL_ASSERTION]: This is caused by either a bug in Node.js or incorrect usage of Node.js internals.
Please open an issue with this stack trace at https://github.com/nodejs/node/issues

    at new NodeError (node:internal/errors:406:5)
    at assert (node:internal/assert:14:11)
    at internalConnectMultiple (node:net:1118:3)
    at Timeout.internalConnectMultipleTimeout (node:net:1687:3)
    at listOnTimeout (node:internal/timers:575:11)
    at process.processTimers (node:internal/timers:514:7)
[error] 
[error] Error: An unexpected error has occurred.
[debug] [2025-02-25T13:24:09.427Z] ----------------------------------------------------------------------
[debug] [2025-02-25T13:24:09.433Z] Command:       C:\Program Files\nodejs\node.exe C:\Users\Malvern\AppData\Roaming\npm\node_modules\firebase-tools\lib\bin\firebase.js emulators:start
[debug] [2025-02-25T13:24:09.433Z] CLI Version:   13.31.1
[debug] [2025-02-25T13:24:09.434Z] Platform:      win32
[debug] [2025-02-25T13:24:09.434Z] Node Version:  v20.9.0
[debug] [2025-02-25T13:24:09.434Z] Time:          Tue Feb 25 2025 15:24:09 GMT+0200 (Central Africa Time)
[debug] [2025-02-25T13:24:09.434Z] ----------------------------------------------------------------------
[debug] 
[debug] [2025-02-25T13:24:09.837Z] > command requires scopes: ["email","openid","https://www.googleapis.com/auth/cloudplatformprojects.readonly","https://www.googleapis.com/auth/firebase","https://www.googleapis.com/auth/cloud-platform"]
[debug] [2025-02-25T13:24:09.839Z] > authorizing via signed-in user (malvernhit@gmail.com)
[debug] [2025-02-25T13:24:10.024Z] java version "17.0.9" 2023-10-17 LTS
Java(TM) SE Runtime Environment (build 17.0.9+11-LTS-201)

[debug] [2025-02-25T13:24:10.025Z] Java HotSpot(TM) 64-Bit Server VM (build 17.0.9+11-LTS-201, mixed mode, sharing)

[debug] [2025-02-25T13:24:10.057Z] Parsed Java major version: 17
[info] i  emulators: Starting emulators: functions, firestore, extensions {"metadata":{"emulator":{"name":"hub"},"message":"Starting emulators: functions, firestore, extensions"}}
[debug] [2025-02-25T13:24:10.062Z] Checked if tokens are valid: true, expires at: 1740493327870
[debug] [2025-02-25T13:24:10.062Z] Checked if tokens are valid: true, expires at: 1740493327870
[debug] [2025-02-25T13:24:10.064Z] >>> [apiv2][query] GET https://cloudresourcemanager.googleapis.com/v1/projects/hit400-99fd8 [none]
[debug] [2025-02-25T13:24:12.300Z] <<< [apiv2][status] GET https://cloudresourcemanager.googleapis.com/v1/projects/hit400-99fd8 200
[debug] [2025-02-25T13:24:12.300Z] <<< [apiv2][body] GET https://cloudresourcemanager.googleapis.com/v1/projects/hit400-99fd8 {"projectNumber":"62075672949","projectId":"hit400-99fd8","lifecycleState":"ACTIVE","name":"Hit400","labels":{"firebase":"enabled","firebase-core":"disabled"},"createTime":"2025-02-10T12:31:32.864052Z"}
[debug] [2025-02-25T13:24:12.320Z] [logging] Logging Emulator only supports listening on one address (127.0.0.1). Not listening on ::1
[debug] [2025-02-25T13:24:12.321Z] [firestore] Firestore Emulator only supports listening on one address (127.0.0.1). Not listening on ::1
[debug] [2025-02-25T13:24:12.321Z] [firestore.websocket] websocket server for firestore only supports listening on one address (127.0.0.1). Not listening on ::1
[debug] [2025-02-25T13:24:12.321Z] assigned listening specs for emulators {"user":{"hub":[{"address":"127.0.0.1","family":"IPv4","port":4400},{"address":"::1","family":"IPv6","port":4400}],"ui":[{"address":"127.0.0.1","family":"IPv4","port":4000},{"address":"::1","family":"IPv6","port":4000}],"logging":[{"address":"127.0.0.1","family":"IPv4","port":4500}],"firestore":[{"address":"127.0.0.1","family":"IPv4","port":8080}],"firestore.websocket":[{"address":"127.0.0.1","family":"IPv4","port":9150}]},"metadata":{"message":"assigned listening specs for emulators"}}
[warn] !  emulators: It seems that you are running multiple instances of the emulator suite for project hit400-99fd8. This may result in unexpected behavior. 
[debug] [2025-02-25T13:24:12.329Z] [hub] writing locator at C:\Users\Malvern\AppData\Local\Temp\hub-hit400-99fd8.json
[debug] [2025-02-25T13:24:12.341Z] [Extensions] Started Extensions emulator, this is a noop.
[debug] [2025-02-25T13:24:12.351Z] [functions] Functions Emulator only supports listening on one address (127.0.0.1). Not listening on ::1
[debug] [2025-02-25T13:24:12.351Z] [eventarc] Eventarc Emulator only supports listening on one address (127.0.0.1). Not listening on ::1
[debug] [2025-02-25T13:24:12.351Z] [tasks] Cloud Tasks Emulator only supports listening on one address (127.0.0.1). Not listening on ::1
[debug] [2025-02-25T13:24:12.352Z] late-assigned ports for functions and eventarc emulators {"user":{"hub":[{"address":"127.0.0.1","family":"IPv4","port":4400},{"address":"::1","family":"IPv6","port":4400}],"ui":[{"address":"127.0.0.1","family":"IPv4","port":4000},{"address":"::1","family":"IPv6","port":4000}],"logging":[{"address":"127.0.0.1","family":"IPv4","port":4500}],"firestore":[{"address":"127.0.0.1","family":"IPv4","port":8080}],"firestore.websocket":[{"address":"127.0.0.1","family":"IPv4","port":9150}],"functions":[{"address":"127.0.0.1","family":"IPv4","port":5001}],"eventarc":[{"address":"127.0.0.1","family":"IPv4","port":9299}],"tasks":[{"address":"127.0.0.1","family":"IPv4","port":9499}]},"metadata":{"message":"late-assigned ports for functions and eventarc emulators"}}
[warn] !  functions: The following emulators are not running, calls to these services from the Functions emulator will affect production: apphosting, auth, database, hosting, pubsub, storage, dataconnect {"metadata":{"emulator":{"name":"functions"},"message":"The following emulators are not running, calls to these services from the Functions emulator will affect production: \u001b[1mapphosting, auth, database, hosting, pubsub, storage, dataconnect\u001b[22m"}}
[debug] [2025-02-25T13:24:12.356Z] defaultcredentials: writing to file C:\Users\Malvern\AppData\Roaming\firebase\malvernhit_gmail_com_application_default_credentials.json
[debug] [2025-02-25T13:24:12.359Z] Setting GAC to C:\Users\Malvern\AppData\Roaming\firebase\malvernhit_gmail_com_application_default_credentials.json {"metadata":{"emulator":{"name":"functions"},"message":"Setting GAC to C:\\Users\\Malvern\\AppData\\Roaming\\firebase\\malvernhit_gmail_com_application_default_credentials.json"}}
[debug] [2025-02-25T13:24:12.360Z] Checked if tokens are valid: true, expires at: 1740493327870
[debug] [2025-02-25T13:24:12.360Z] Checked if tokens are valid: true, expires at: 1740493327870
[debug] [2025-02-25T13:24:12.360Z] >>> [apiv2][query] GET https://firebase.googleapis.com/v1beta1/projects/hit400-99fd8/adminSdkConfig [none]
[debug] [2025-02-25T13:24:13.400Z] <<< [apiv2][status] GET https://firebase.googleapis.com/v1beta1/projects/hit400-99fd8/adminSdkConfig 200
[debug] [2025-02-25T13:24:13.401Z] <<< [apiv2][body] GET https://firebase.googleapis.com/v1beta1/projects/hit400-99fd8/adminSdkConfig {"projectId":"hit400-99fd8","storageBucket":"hit400-99fd8.firebasestorage.app"}
[debug] [2025-02-25T13:24:13.431Z] Ignoring unsupported arg: auto_download {"metadata":{"emulator":{"name":"firestore"},"message":"Ignoring unsupported arg: auto_download"}}
[debug] [2025-02-25T13:24:13.431Z] Ignoring unsupported arg: single_project_mode_error {"metadata":{"emulator":{"name":"firestore"},"message":"Ignoring unsupported arg: single_project_mode_error"}}
[debug] [2025-02-25T13:24:13.431Z] Starting Firestore Emulator with command {"binary":"java","args":["-Dgoogle.cloud_firestore.debug_log_level=FINE","-Duser.language=en","-jar","C:\\Users\\Malvern\\.cache\\firebase\\emulators\\cloud-firestore-emulator-v1.19.8.jar","--host","127.0.0.1","--port",8080,"--websocket_port",9150,"--project_id","hit400-99fd8","--rules","C:\\Users\\Malvern\\Desktop\\Malvern\\4.1 Software Engineering\\HIT 400 [2024-2025]\\ai_inventory_management_system\\firestore.rules","--single_project_mode",true,"--functions_emulator","127.0.0.1:5001"],"optionalArgs":["port","webchannel_port","host","rules","websocket_port","functions_emulator","seed_from_export","project_id","single_project_mode"],"joinArgs":false,"shell":false,"port":8080} {"metadata":{"emulator":{"name":"firestore"},"message":"Starting Firestore Emulator with command {\"binary\":\"java\",\"args\":[\"-Dgoogle.cloud_firestore.debug_log_level=FINE\",\"-Duser.language=en\",\"-jar\",\"C:\\\\Users\\\\Malvern\\\\.cache\\\\firebase\\\\emulators\\\\cloud-firestore-emulator-v1.19.8.jar\",\"--host\",\"127.0.0.1\",\"--port\",8080,\"--websocket_port\",9150,\"--project_id\",\"hit400-99fd8\",\"--rules\",\"C:\\\\Users\\\\Malvern\\\\Desktop\\\\Malvern\\\\4.1 Software Engineering\\\\HIT 400 [2024-2025]\\\\ai_inventory_management_system\\\\firestore.rules\",\"--single_project_mode\",true,\"--functions_emulator\",\"127.0.0.1:5001\"],\"optionalArgs\":[\"port\",\"webchannel_port\",\"host\",\"rules\",\"websocket_port\",\"functions_emulator\",\"seed_from_export\",\"project_id\",\"single_project_mode\"],\"joinArgs\":false,\"shell\":false,\"port\":8080}"}}
[info] i  firestore: Firestore Emulator logging to firestore-debug.log {"metadata":{"emulator":{"name":"firestore"},"message":"Firestore Emulator logging to \u001b[1mfirestore-debug.log\u001b[22m"}}
[info] +  firestore: Firestore Emulator UI websocket is running on 9150. {"metadata":{"emulator":{"name":"firestore"},"message":"Firestore Emulator UI websocket is running on 9150."}}
[debug] [2025-02-25T13:24:19.353Z] [Extensions] Connecting Extensions emulator, this is a noop.
[info] i  functions: Watching "C:\Users\Malvern\Desktop\Malvern\4.1 Software Engineering\HIT 400 [2024-2025]\ai_inventory_management_system\functions" for Cloud Functions... {"metadata":{"emulator":{"name":"functions"},"message":"Watching \"C:\\Users\\Malvern\\Desktop\\Malvern\\4.1 Software Engineering\\HIT 400 [2024-2025]\\ai_inventory_management_system\\functions\" for Cloud Functions..."}}
[debug] [2025-02-25T13:24:19.464Z] Validating nodejs source
[warn] !  functions: Couldn't find firebase-functions package in your source code. Have you run 'npm install'? 
[debug] [2025-02-25T13:24:19.466Z] getFunctionsSDKVersion encountered error: Cannot find module 'firebase-functions'
Require stack:
- C:\Users\Malvern\AppData\Roaming\npm\node_modules\firebase-tools\lib\deploy\functions\runtimes\node\versioning.js
- C:\Users\Malvern\AppData\Roaming\npm\node_modules\firebase-tools\lib\deploy\functions\runtimes\node\index.js
- C:\Users\Malvern\AppData\Roaming\npm\node_modules\firebase-tools\lib\deploy\functions\runtimes\index.js
- C:\Users\Malvern\AppData\Roaming\npm\node_modules\firebase-tools\lib\deploy\functions\prepare.js
- C:\Users\Malvern\AppData\Roaming\npm\node_modules\firebase-tools\lib\emulator\functionsEmulatorShared.js
- C:\Users\Malvern\AppData\Roaming\npm\node_modules\firebase-tools\lib\emulator\functionsEmulator.js
- C:\Users\Malvern\AppData\Roaming\npm\node_modules\firebase-tools\lib\emulator\controller.js
- C:\Users\Malvern\AppData\Roaming\npm\node_modules\firebase-tools\lib\emulator\commandUtils.js
- C:\Users\Malvern\AppData\Roaming\npm\node_modules\firebase-tools\lib\commands\database-get.js
- C:\Users\Malvern\AppData\Roaming\npm\node_modules\firebase-tools\lib\commands\index.js
- C:\Users\Malvern\AppData\Roaming\npm\node_modules\firebase-tools\lib\index.js
- C:\Users\Malvern\AppData\Roaming\npm\node_modules\firebase-tools\lib\bin\firebase.js {"code":"MODULE_NOT_FOUND","requireStack":["C:\\Users\\Malvern\\AppData\\Roaming\\npm\\node_modules\\firebase-tools\\lib\\deploy\\functions\\runtimes\\node\\versioning.js","C:\\Users\\Malvern\\AppData\\Roaming\\npm\\node_modules\\firebase-tools\\lib\\deploy\\functions\\runtimes\\node\\index.js","C:\\Users\\Malvern\\AppData\\Roaming\\npm\\node_modules\\firebase-tools\\lib\\deploy\\functions\\runtimes\\index.js","C:\\Users\\Malvern\\AppData\\Roaming\\npm\\node_modules\\firebase-tools\\lib\\deploy\\functions\\prepare.js","C:\\Users\\Malvern\\AppData\\Roaming\\npm\\node_modules\\firebase-tools\\lib\\emulator\\functionsEmulatorShared.js","C:\\Users\\Malvern\\AppData\\Roaming\\npm\\node_modules\\firebase-tools\\lib\\emulator\\functionsEmulator.js","C:\\Users\\Malvern\\AppData\\Roaming\\npm\\node_modules\\firebase-tools\\lib\\emulator\\controller.js","C:\\Users\\Malvern\\AppData\\Roaming\\npm\\node_modules\\firebase-tools\\lib\\emulator\\commandUtils.js","C:\\Users\\Malvern\\AppData\\Roaming\\npm\\node_modules\\firebase-tools\\lib\\commands\\database-get.js","C:\\Users\\Malvern\\AppData\\Roaming\\npm\\node_modules\\firebase-tools\\lib\\commands\\index.js","C:\\Users\\Malvern\\AppData\\Roaming\\npm\\node_modules\\firebase-tools\\lib\\index.js","C:\\Users\\Malvern\\AppData\\Roaming\\npm\\node_modules\\firebase-tools\\lib\\bin\\firebase.js"]}
[debug] [2025-02-25T13:24:19.467Z] checkFunctionsSDKVersion encountered error: Invalid Version:  {}
[debug] [2025-02-25T13:24:19.469Z] > [functions] package.json contents: {
  "name": "functions",
  "description": "Cloud Functions for Firebase",
  "scripts": {
    "lint": "eslint .",
    "serve": "firebase emulators:start --only functions",
    "shell": "firebase functions:shell",
    "start": "npm run shell",
    "deploy": "firebase deploy --only functions",
    "logs": "firebase functions:log"
  },
  "engines": {
    "node": "22"
  },
  "main": "index.js",
  "dependencies": {
    "firebase-admin": "^12.6.0",
    "firebase-functions": "^6.0.1"
  },
  "devDependencies": {
    "eslint": "^8.15.0",
    "eslint-config-google": "^0.14.0",
    "firebase-functions-test": "^3.1.0"
  },
  "private": true
}
[debug] [2025-02-25T13:24:19.469Z] Building nodejs source
[debug] [2025-02-25T13:24:19.470Z] Failed to find version of module node: reached end of search path C:\Users\Malvern\Desktop\Malvern\4.1 Software Engineering\HIT 400 [2024-2025]\ai_inventory_management_system\functions\node_modules
[warn] !  functions: Your requested "node" version "22" doesn't match your global version "20". Using node@20 from host. 
[debug] [2025-02-25T13:24:19.474Z] Could not parse firebase-functions version '' into semver. Falling back to parseTriggers.
[error] !!  functions: Failed to load function definition from source: FirebaseError: Error parsing triggers: Cannot find module 'firebase-functions/v2/https'
Require stack:
- C:\Users\Malvern\Desktop\Malvern\4.1 Software Engineering\HIT 400 [2024-2025]\ai_inventory_management_system\functions\index.js
- C:\Users\Malvern\AppData\Roaming\npm\node_modules\firebase-tools\lib\deploy\functions\runtimes\node\triggerParser.js

Try running "npm install" in your functions directory before deploying. {"metadata":{"emulator":{"name":"functions"},"message":"Failed to load function definition from source: FirebaseError: Error parsing triggers: Cannot find module 'firebase-functions/v2/https'\nRequire stack:\n- C:\\Users\\Malvern\\Desktop\\Malvern\\4.1 Software Engineering\\HIT 400 [2024-2025]\\ai_inventory_management_system\\functions\\index.js\n- C:\\Users\\Malvern\\AppData\\Roaming\\npm\\node_modules\\firebase-tools\\lib\\deploy\\functions\\runtimes\\node\\triggerParser.js\n\nTry running \"npm install\" in your functions directory before deploying."}}
[info] i  functions: Watching "C:\Users\Malvern\Desktop\Malvern\4.1 Software Engineering\HIT 400 [2024-2025]\ai_inventory_management_system\hit400" for Cloud Functions... {"metadata":{"emulator":{"name":"functions"},"message":"Watching \"C:\\Users\\Malvern\\Desktop\\Malvern\\4.1 Software Engineering\\HIT 400 [2024-2025]\\ai_inventory_management_system\\hit400\" for Cloud Functions..."}}
[debug] [2025-02-25T13:24:19.912Z] Validating nodejs source
[warn] !  functions: package.json indicates an outdated version of firebase-functions. Please upgrade using npm install --save firebase-functions@latest in your functions directory. 
[debug] [2025-02-25T13:24:23.260Z] > [functions] package.json contents: {
  "name": "functions",
  "description": "Cloud Functions for Firebase",
  "scripts": {
    "lint": "eslint .",
    "serve": "firebase emulators:start --only functions",
    "shell": "firebase functions:shell",
    "start": "npm run shell",
    "deploy": "firebase deploy --only functions",
    "logs": "firebase functions:log"
  },
  "engines": {
    "node": "22"
  },
  "main": "index.js",
  "dependencies": {
    "firebase-admin": "^12.6.0",
    "firebase-functions": "^6.0.1"
  },
  "devDependencies": {
    "eslint": "^8.15.0",
    "eslint-config-google": "^0.14.0",
    "firebase-functions-test": "^3.1.0"
  },
  "private": true
}
[debug] [2025-02-25T13:24:23.260Z] Building nodejs source
[debug] [2025-02-25T13:24:23.260Z] Failed to find version of module node: reached end of search path C:\Users\Malvern\Desktop\Malvern\4.1 Software Engineering\HIT 400 [2024-2025]\ai_inventory_management_system\hit400\node_modules
[warn] !  functions: Your requested "node" version "22" doesn't match your global version "20". Using node@20 from host. 
[debug] [2025-02-25T13:24:23.437Z] Could not find functions.yaml. Must use http discovery
[debug] [2025-02-25T13:24:23.452Z] Found firebase-functions binary at 'C:\Users\Malvern\Desktop\Malvern\4.1 Software Engineering\HIT 400 [2024-2025]\ai_inventory_management_system\hit400\node_modules\.bin\firebase-functions'
[info] Serving at port 8502

[debug] [2025-02-25T13:24:30.925Z] Got response from /__/functions.yaml {"endpoints":{},"specVersion":"v1alpha1","requiredAPIs":[],"extensions":{}}
[debug] [2025-02-25T13:24:38.620Z] defaultcredentials: writing to file C:\Users\Malvern\AppData\Roaming\firebase\malvernhit_gmail_com_application_default_credentials.json
[debug] [2025-02-25T13:24:39.146Z] Setting GAC to C:\Users\Malvern\AppData\Roaming\firebase\malvernhit_gmail_com_application_default_credentials.json {"metadata":{"emulator":{"name":"functions"},"message":"Setting GAC to C:\\Users\\Malvern\\AppData\\Roaming\\firebase\\malvernhit_gmail_com_application_default_credentials.json"}}
[info] +  functions: Loaded functions definitions from source: . {"metadata":{"emulator":{"name":"functions"},"message":"Loaded functions definitions from source: ."}}
[debug] [2025-02-25T13:24:39.563Z] Could not find VSCode notification endpoint: FetchError: request to http://localhost:40001/vscode/notify failed, reason: . If you are not running the Firebase Data Connect VSCode extension, this is expected and not an issue.
[info] 
┌─────────────────────────────────────────────────────────────┐
│ ✔  All emulators ready! It is now safe to connect your app. │
│ i  View Emulator UI at http://127.0.0.1:4000/               │
└─────────────────────────────────────────────────────────────┘

┌────────────┬────────────────┬──────────────────────────────────┐
│ Emulator   │ Host:Port      │ View in Emulator UI              │
├────────────┼────────────────┼──────────────────────────────────┤
│ Functions  │ 127.0.0.1:5001 │ http://127.0.0.1:4000/functions  │
├────────────┼────────────────┼──────────────────────────────────┤
│ Firestore  │ 127.0.0.1:8080 │ http://127.0.0.1:4000/firestore  │
├────────────┼────────────────┼──────────────────────────────────┤
│ Extensions │ 127.0.0.1:5001 │ http://127.0.0.1:4000/extensions │
└────────────┴────────────────┴──────────────────────────────────┘
  Emulator Hub running at 127.0.0.1:4400
  Other reserved ports: 4500, 9150
┌─────────────────────────┬───────────────┬─────────────────────┐
│ Extension Instance Name │ Extension Ref │ View in Emulator UI │
└─────────────────────────┴───────────────┴─────────────────────┘
Issues? Report them at https://github.com/firebase/firebase-tools/issues and attach the *-debug.log files.
 
